2020-11-08 20:00:11.781 [main] INFO  com.huanghe.BlogApplication - Starting BlogApplication on DESKTOP-U77K5K8 with PID 22436 (D:\Code\java\SobBlogSystemDemo\target\classes started by huanghe in D:\Code\java\SobBlogSystemDemo) 
2020-11-08 20:00:11.785 [main] INFO  com.huanghe.BlogApplication - No active profile set, falling back to default profiles: default 
2020-11-08 20:00:11.841 [main] INFO  o.s.b.w.s.c.AnnotationConfigServletWebServerApplicationContext - Refreshing org.springframework.boot.web.servlet.context.AnnotationConfigServletWebServerApplicationContext@5c33f1a9: startup date [Sun Nov 08 20:00:11 CST 2020]; root of context hierarchy 
2020-11-08 20:00:14.181 [main] INFO  o.s.boot.web.embedded.tomcat.TomcatWebServer - Tomcat initialized with port(s): 8083 (http) 
2020-11-08 20:00:14.199 [main] INFO  org.apache.coyote.http11.Http11NioProtocol - Initializing ProtocolHandler ["http-nio-8083"] 
2020-11-08 20:00:14.212 [main] INFO  org.apache.catalina.core.StandardService - Starting service [Tomcat] 
2020-11-08 20:00:14.212 [main] INFO  org.apache.catalina.core.StandardEngine - Starting Servlet Engine: Apache Tomcat/8.5.31 
2020-11-08 20:00:14.222 [localhost-startStop-1] INFO  org.apache.catalina.core.AprLifecycleListener - The APR based Apache Tomcat Native library which allows optimal performance in production environments was not found on the java.library.path: [C:\Program Files\Java\jdk1.8.0_241\bin;C:\Windows\Sun\Java\bin;C:\Windows\system32;C:\Windows;C:\Program Files (x86)\NetSarang\Xshell 6\;C:\Program Files (x86)\Common Files\Oracle\Java\javapath;C:\Windows\system32;C:\Windows;C:\Windows\System32\Wbem;C:\Windows\System32\WindowsPowerShell\v1.0\;C:\Windows\System32\OpenSSH\;C:\Program Files\Intel\WiFi\bin\;C:\Program Files\Common Files\Intel\WirelessCommon\;C:\Program Files (x86)\NVIDIA Corporation\PhysX\Common;C:\Program Files\Java\jdk1.8.0_172\bin;C:\Users\huanghe\Anaconda3;C:\Users\huanghe\Anaconda3\Library\mingw-w64\bin;C:\Users\huanghe\Anaconda3\Library\usr\bin;C:\Users\huanghe\Anaconda3\Library\bin;C:\Users\huanghe\Anaconda3\Scripts;C:\Users\huanghe\AppData\Local\Microsoft\WindowsApps;C:\Users\huanghe\AppData\Local\Programs\Microsoft VS Code\bin;C:\Users\huanghe\AppData\Roaming\nvm;C:\Program Files\nodejs;D:\Software\cmder;C:\ProgramData\chocolatey\bin;C:\Program Files\Git\cmd;C:\driver;;C:\Program Files\Docker\Docker\resources\bin;C:\ProgramData\DockerDesktop\version-bin;C:\Users\huanghe\Anaconda3;C:\Users\huanghe\Anaconda3\Library\mingw-w64\bin;C:\Users\huanghe\Anaconda3\Library\usr\bin;C:\Users\huanghe\Anaconda3\Library\bin;C:\Users\huanghe\Anaconda3\Scripts;C:\Users\huanghe\AppData\Local\Microsoft\WindowsApps;C:\Program Files\Intel\WiFi\bin\;C:\Program Files\Common Files\Intel\WirelessCommon\;C:\Users\huanghe\AppData\Local\Programs\Microsoft VS Code\bin;C:\Program Files\JetBrains\WebStorm 2019.2.3\bin;;%JAVA_HOME%\bin;C:\Program Files\Java\jre1.8.0_241\bin;D:\Maven\apache-maven-3.6.3\bin;;.] 
2020-11-08 20:00:14.354 [localhost-startStop-1] INFO  o.a.c.core.ContainerBase.[Tomcat].[localhost].[/] - Initializing Spring embedded WebApplicationContext 
2020-11-08 20:00:14.354 [localhost-startStop-1] INFO  org.springframework.web.context.ContextLoader - Root WebApplicationContext: initialization completed in 2513 ms 
2020-11-08 20:00:14.520 [localhost-startStop-1] INFO  o.s.boot.web.servlet.ServletRegistrationBean - Servlet dispatcherServlet mapped to [/] 
2020-11-08 20:00:14.524 [localhost-startStop-1] INFO  o.s.boot.web.servlet.FilterRegistrationBean - Mapping filter: 'characterEncodingFilter' to: [/*] 
2020-11-08 20:00:14.524 [localhost-startStop-1] INFO  o.s.boot.web.servlet.FilterRegistrationBean - Mapping filter: 'hiddenHttpMethodFilter' to: [/*] 
2020-11-08 20:00:14.525 [localhost-startStop-1] INFO  o.s.boot.web.servlet.FilterRegistrationBean - Mapping filter: 'httpPutFormContentFilter' to: [/*] 
2020-11-08 20:00:14.525 [localhost-startStop-1] INFO  o.s.boot.web.servlet.FilterRegistrationBean - Mapping filter: 'requestContextFilter' to: [/*] 
2020-11-08 20:00:14.912 [main] INFO  o.s.web.servlet.handler.SimpleUrlHandlerMapping - Mapped URL path [/**/favicon.ico] onto handler of type [class org.springframework.web.servlet.resource.ResourceHttpRequestHandler] 
2020-11-08 20:00:15.112 [main] INFO  o.s.w.s.m.m.a.RequestMappingHandlerAdapter - Looking for @ControllerAdvice: org.springframework.boot.web.servlet.context.AnnotationConfigServletWebServerApplicationContext@5c33f1a9: startup date [Sun Nov 08 20:00:11 CST 2020]; root of context hierarchy 
2020-11-08 20:00:15.182 [main] INFO  o.s.w.s.m.m.a.RequestMappingHandlerMapping - Mapped "{[/test-response],methods=[GET]}" onto public com.huanghe.response.ResponseResult com.huanghe.controller.TestController.testResponse() 
2020-11-08 20:00:15.183 [main] INFO  o.s.w.s.m.m.a.RequestMappingHandlerMapping - Mapped "{[/hello-world],methods=[GET]}" onto public com.huanghe.response.ResponseResult com.huanghe.controller.TestController.helloWorld() 
2020-11-08 20:00:15.185 [main] INFO  o.s.w.s.m.m.a.RequestMappingHandlerMapping - Mapped "{[/user/admin_account],methods=[POST]}" onto public com.huanghe.response.ResponseResult com.huanghe.controller.user.UserApi.initManagerAccount(com.huanghe.pojo.User) 
2020-11-08 20:00:15.186 [main] INFO  o.s.w.s.m.m.a.RequestMappingHandlerMapping - Mapped "{[/user],methods=[GET]}" onto public java.util.List<com.huanghe.pojo.User> com.huanghe.controller.UserController.findAllProduct() 
2020-11-08 20:00:15.188 [main] INFO  o.s.w.s.m.m.a.RequestMappingHandlerMapping - Mapped "{[/error]}" onto public org.springframework.http.ResponseEntity<java.util.Map<java.lang.String, java.lang.Object>> org.springframework.boot.autoconfigure.web.servlet.error.BasicErrorController.error(javax.servlet.http.HttpServletRequest) 
2020-11-08 20:00:15.189 [main] INFO  o.s.w.s.m.m.a.RequestMappingHandlerMapping - Mapped "{[/error],produces=[text/html]}" onto public org.springframework.web.servlet.ModelAndView org.springframework.boot.autoconfigure.web.servlet.error.BasicErrorController.errorHtml(javax.servlet.http.HttpServletRequest,javax.servlet.http.HttpServletResponse) 
2020-11-08 20:00:15.243 [main] INFO  o.s.web.servlet.handler.SimpleUrlHandlerMapping - Mapped URL path [/webjars/**] onto handler of type [class org.springframework.web.servlet.resource.ResourceHttpRequestHandler] 
2020-11-08 20:00:15.243 [main] INFO  o.s.web.servlet.handler.SimpleUrlHandlerMapping - Mapped URL path [/**] onto handler of type [class org.springframework.web.servlet.resource.ResourceHttpRequestHandler] 
2020-11-08 20:00:15.511 [main] INFO  o.s.jmx.export.annotation.AnnotationMBeanExporter - Registering beans for JMX exposure on startup 
2020-11-08 20:00:15.512 [main] INFO  o.s.jmx.export.annotation.AnnotationMBeanExporter - Bean with name 'dataSource' has been autodetected for JMX exposure 
2020-11-08 20:00:15.516 [main] INFO  o.s.jmx.export.annotation.AnnotationMBeanExporter - Located MBean 'dataSource': registering with JMX server as MBean [com.zaxxer.hikari:name=dataSource,type=HikariDataSource] 
2020-11-08 20:00:15.525 [main] INFO  org.apache.coyote.http11.Http11NioProtocol - Starting ProtocolHandler ["http-nio-8083"] 
2020-11-08 20:00:15.536 [main] INFO  org.apache.tomcat.util.net.NioSelectorPool - Using a shared selector for servlet write/read 
2020-11-08 20:00:15.560 [main] INFO  o.s.boot.web.embedded.tomcat.TomcatWebServer - Tomcat started on port(s): 8083 (http) with context path '' 
2020-11-08 20:00:15.563 [main] INFO  com.huanghe.BlogApplication - Started BlogApplication in 4.323 seconds (JVM running for 4.904) 
