2020-11-15 10:50:31.293 [main] INFO  com.huanghe.BlogApplication - Starting BlogApplication on DESKTOP-U77K5K8 with PID 14392 (D:\Code\java\SobBlogSystemDemo\target\classes started by huanghe in D:\Code\java\SobBlogSystemDemo) 
2020-11-15 10:50:31.297 [main] INFO  com.huanghe.BlogApplication - No active profile set, falling back to default profiles: default 
2020-11-15 10:50:31.353 [main] INFO  o.s.b.w.s.c.AnnotationConfigServletWebServerApplicationContext - Refreshing org.springframework.boot.web.servlet.context.AnnotationConfigServletWebServerApplicationContext@6adbc9d: startup date [Sun Nov 15 10:50:31 CST 2020]; root of context hierarchy 
2020-11-15 10:50:34.209 [main] INFO  o.s.boot.web.embedded.tomcat.TomcatWebServer - Tomcat initialized with port(s): 8083 (http) 
2020-11-15 10:50:34.232 [main] INFO  org.apache.coyote.http11.Http11NioProtocol - Initializing ProtocolHandler ["http-nio-8083"] 
2020-11-15 10:50:34.245 [main] INFO  org.apache.catalina.core.StandardService - Starting service [Tomcat] 
2020-11-15 10:50:34.246 [main] INFO  org.apache.catalina.core.StandardEngine - Starting Servlet Engine: Apache Tomcat/8.5.31 
2020-11-15 10:50:34.274 [localhost-startStop-1] INFO  org.apache.catalina.core.AprLifecycleListener - The APR based Apache Tomcat Native library which allows optimal performance in production environments was not found on the java.library.path: [C:\Program Files\Java\jdk1.8.0_241\bin;C:\Windows\Sun\Java\bin;C:\Windows\system32;C:\Windows;C:\Program Files (x86)\NetSarang\Xshell 6\;C:\Program Files (x86)\Common Files\Oracle\Java\javapath;C:\Windows\system32;C:\Windows;C:\Windows\System32\Wbem;C:\Windows\System32\WindowsPowerShell\v1.0\;C:\Windows\System32\OpenSSH\;C:\Program Files\Intel\WiFi\bin\;C:\Program Files\Common Files\Intel\WirelessCommon\;C:\Program Files (x86)\NVIDIA Corporation\PhysX\Common;C:\Program Files\Java\jdk1.8.0_172\bin;C:\Users\huanghe\Anaconda3;C:\Users\huanghe\Anaconda3\Library\mingw-w64\bin;C:\Users\huanghe\Anaconda3\Library\usr\bin;C:\Users\huanghe\Anaconda3\Library\bin;C:\Users\huanghe\Anaconda3\Scripts;C:\Users\huanghe\AppData\Local\Microsoft\WindowsApps;C:\Users\huanghe\AppData\Local\Programs\Microsoft VS Code\bin;C:\Users\huanghe\AppData\Roaming\nvm;C:\Program Files\nodejs;D:\Software\cmder;C:\ProgramData\chocolatey\bin;C:\Program Files\Git\cmd;C:\driver;;C:\Program Files\Docker\Docker\resources\bin;C:\ProgramData\DockerDesktop\version-bin;C:\Users\huanghe\Anaconda3;C:\Users\huanghe\Anaconda3\Library\mingw-w64\bin;C:\Users\huanghe\Anaconda3\Library\usr\bin;C:\Users\huanghe\Anaconda3\Library\bin;C:\Users\huanghe\Anaconda3\Scripts;C:\Users\huanghe\AppData\Local\Microsoft\WindowsApps;C:\Program Files\Intel\WiFi\bin\;C:\Program Files\Common Files\Intel\WirelessCommon\;C:\Users\huanghe\AppData\Local\Programs\Microsoft VS Code\bin;C:\Program Files\JetBrains\WebStorm 2019.2.3\bin;;%JAVA_HOME%\bin;C:\Program Files\Java\jre1.8.0_241\bin;D:\Maven\apache-maven-3.6.3\bin;;.] 
2020-11-15 10:50:34.454 [localhost-startStop-1] INFO  o.a.c.core.ContainerBase.[Tomcat].[localhost].[/] - Initializing Spring embedded WebApplicationContext 
2020-11-15 10:50:34.454 [localhost-startStop-1] INFO  org.springframework.web.context.ContextLoader - Root WebApplicationContext: initialization completed in 3101 ms 
2020-11-15 10:50:34.714 [localhost-startStop-1] INFO  o.s.boot.web.servlet.ServletRegistrationBean - Servlet dispatcherServlet mapped to [/] 
2020-11-15 10:50:34.723 [localhost-startStop-1] INFO  o.s.boot.web.servlet.FilterRegistrationBean - Mapping filter: 'characterEncodingFilter' to: [/*] 
2020-11-15 10:50:34.724 [localhost-startStop-1] INFO  o.s.boot.web.servlet.FilterRegistrationBean - Mapping filter: 'hiddenHttpMethodFilter' to: [/*] 
2020-11-15 10:50:34.724 [localhost-startStop-1] INFO  o.s.boot.web.servlet.FilterRegistrationBean - Mapping filter: 'httpPutFormContentFilter' to: [/*] 
2020-11-15 10:50:34.724 [localhost-startStop-1] INFO  o.s.boot.web.servlet.FilterRegistrationBean - Mapping filter: 'requestContextFilter' to: [/*] 
2020-11-15 10:50:35.286 [main] INFO  o.s.web.servlet.handler.SimpleUrlHandlerMapping - Mapped URL path [/**/favicon.ico] onto handler of type [class org.springframework.web.servlet.resource.ResourceHttpRequestHandler] 
2020-11-15 10:50:35.528 [main] INFO  o.s.w.s.m.m.a.RequestMappingHandlerAdapter - Looking for @ControllerAdvice: org.springframework.boot.web.servlet.context.AnnotationConfigServletWebServerApplicationContext@6adbc9d: startup date [Sun Nov 15 10:50:31 CST 2020]; root of context hierarchy 
2020-11-15 10:50:35.629 [main] INFO  o.s.w.s.m.m.a.RequestMappingHandlerMapping - Mapped "{[/hello-world],methods=[GET]}" onto public com.huanghe.response.ResponseResult com.huanghe.controller.TestController.helloWorld() 
2020-11-15 10:50:35.631 [main] INFO  o.s.w.s.m.m.a.RequestMappingHandlerMapping - Mapped "{[/test-response],methods=[GET]}" onto public com.huanghe.response.ResponseResult com.huanghe.controller.TestController.testResponse() 
2020-11-15 10:50:35.636 [main] INFO  o.s.w.s.m.m.a.RequestMappingHandlerMapping - Mapped "{[/user/register],methods=[POST]}" onto public com.huanghe.response.ResponseResult com.huanghe.controller.user.UserApi.register(com.huanghe.pojo.User) 
2020-11-15 10:50:35.636 [main] INFO  o.s.w.s.m.m.a.RequestMappingHandlerMapping - Mapped "{[/user/login/{captcha}],methods=[POST]}" onto public com.huanghe.response.ResponseResult com.huanghe.controller.user.UserApi.login(java.lang.String,com.huanghe.pojo.User) 
2020-11-15 10:50:35.636 [main] INFO  o.s.w.s.m.m.a.RequestMappingHandlerMapping - Mapped "{[/user/verify_code],methods=[GET]}" onto public com.huanghe.response.ResponseResult com.huanghe.controller.user.UserApi.sendVerifyCode(java.lang.String) 
2020-11-15 10:50:35.637 [main] INFO  o.s.w.s.m.m.a.RequestMappingHandlerMapping - Mapped "{[/user/password],methods=[PUT]}" onto public com.huanghe.response.ResponseResult com.huanghe.controller.user.UserApi.updatePassword(com.huanghe.pojo.User) 
2020-11-15 10:50:35.637 [main] INFO  o.s.w.s.m.m.a.RequestMappingHandlerMapping - Mapped "{[/user/captcha],methods=[GET]}" onto public com.huanghe.response.ResponseResult com.huanghe.controller.user.UserApi.getCaptcha() 
2020-11-15 10:50:35.637 [main] INFO  o.s.w.s.m.m.a.RequestMappingHandlerMapping - Mapped "{[/user/admin_account],methods=[POST]}" onto public com.huanghe.response.ResponseResult com.huanghe.controller.user.UserApi.initManagerAccount(com.huanghe.pojo.User) 
2020-11-15 10:50:35.642 [main] INFO  o.s.w.s.m.m.a.RequestMappingHandlerMapping - Mapped "{[/error]}" onto public org.springframework.http.ResponseEntity<java.util.Map<java.lang.String, java.lang.Object>> org.springframework.boot.autoconfigure.web.servlet.error.BasicErrorController.error(javax.servlet.http.HttpServletRequest) 
2020-11-15 10:50:35.643 [main] INFO  o.s.w.s.m.m.a.RequestMappingHandlerMapping - Mapped "{[/error],produces=[text/html]}" onto public org.springframework.web.servlet.ModelAndView org.springframework.boot.autoconfigure.web.servlet.error.BasicErrorController.errorHtml(javax.servlet.http.HttpServletRequest,javax.servlet.http.HttpServletResponse) 
2020-11-15 10:50:35.680 [main] INFO  o.s.web.servlet.handler.SimpleUrlHandlerMapping - Mapped URL path [/webjars/**] onto handler of type [class org.springframework.web.servlet.resource.ResourceHttpRequestHandler] 
2020-11-15 10:50:35.681 [main] INFO  o.s.web.servlet.handler.SimpleUrlHandlerMapping - Mapped URL path [/**] onto handler of type [class org.springframework.web.servlet.resource.ResourceHttpRequestHandler] 
2020-11-15 10:50:36.025 [main] INFO  o.s.jmx.export.annotation.AnnotationMBeanExporter - Registering beans for JMX exposure on startup 
2020-11-15 10:50:36.027 [main] INFO  o.s.jmx.export.annotation.AnnotationMBeanExporter - Bean with name 'dataSource' has been autodetected for JMX exposure 
2020-11-15 10:50:36.031 [main] INFO  o.s.jmx.export.annotation.AnnotationMBeanExporter - Located MBean 'dataSource': registering with JMX server as MBean [com.zaxxer.hikari:name=dataSource,type=HikariDataSource] 
2020-11-15 10:50:36.044 [main] INFO  org.apache.coyote.http11.Http11NioProtocol - Starting ProtocolHandler ["http-nio-8083"] 
2020-11-15 10:50:36.059 [main] INFO  org.apache.tomcat.util.net.NioSelectorPool - Using a shared selector for servlet write/read 
2020-11-15 10:50:36.091 [main] INFO  o.s.boot.web.embedded.tomcat.TomcatWebServer - Tomcat started on port(s): 8083 (http) with context path '' 
2020-11-15 10:50:36.096 [main] INFO  com.huanghe.BlogApplication - Started BlogApplication in 5.477 seconds (JVM running for 6.312) 
2020-11-15 11:07:13.420 [main] INFO  com.huanghe.BlogApplication - Starting BlogApplication on DESKTOP-U77K5K8 with PID 2604 (D:\Code\java\SobBlogSystemDemo\target\classes started by huanghe in D:\Code\java\SobBlogSystemDemo) 
2020-11-15 11:07:13.425 [main] INFO  com.huanghe.BlogApplication - No active profile set, falling back to default profiles: default 
2020-11-15 11:07:13.490 [main] INFO  o.s.b.w.s.c.AnnotationConfigServletWebServerApplicationContext - Refreshing org.springframework.boot.web.servlet.context.AnnotationConfigServletWebServerApplicationContext@6adbc9d: startup date [Sun Nov 15 11:07:13 CST 2020]; root of context hierarchy 
2020-11-15 11:07:15.878 [main] INFO  o.s.boot.web.embedded.tomcat.TomcatWebServer - Tomcat initialized with port(s): 8083 (http) 
2020-11-15 11:07:15.901 [main] INFO  org.apache.coyote.http11.Http11NioProtocol - Initializing ProtocolHandler ["http-nio-8083"] 
2020-11-15 11:07:15.913 [main] INFO  org.apache.catalina.core.StandardService - Starting service [Tomcat] 
2020-11-15 11:07:15.913 [main] INFO  org.apache.catalina.core.StandardEngine - Starting Servlet Engine: Apache Tomcat/8.5.31 
2020-11-15 11:07:15.929 [localhost-startStop-1] INFO  org.apache.catalina.core.AprLifecycleListener - The APR based Apache Tomcat Native library which allows optimal performance in production environments was not found on the java.library.path: [C:\Program Files\Java\jdk1.8.0_241\bin;C:\Windows\Sun\Java\bin;C:\Windows\system32;C:\Windows;C:\Program Files (x86)\NetSarang\Xshell 6\;C:\Program Files (x86)\Common Files\Oracle\Java\javapath;C:\Windows\system32;C:\Windows;C:\Windows\System32\Wbem;C:\Windows\System32\WindowsPowerShell\v1.0\;C:\Windows\System32\OpenSSH\;C:\Program Files\Intel\WiFi\bin\;C:\Program Files\Common Files\Intel\WirelessCommon\;C:\Program Files (x86)\NVIDIA Corporation\PhysX\Common;C:\Program Files\Java\jdk1.8.0_172\bin;C:\Users\huanghe\Anaconda3;C:\Users\huanghe\Anaconda3\Library\mingw-w64\bin;C:\Users\huanghe\Anaconda3\Library\usr\bin;C:\Users\huanghe\Anaconda3\Library\bin;C:\Users\huanghe\Anaconda3\Scripts;C:\Users\huanghe\AppData\Local\Microsoft\WindowsApps;C:\Users\huanghe\AppData\Local\Programs\Microsoft VS Code\bin;C:\Users\huanghe\AppData\Roaming\nvm;C:\Program Files\nodejs;D:\Software\cmder;C:\ProgramData\chocolatey\bin;C:\Program Files\Git\cmd;C:\driver;;C:\Program Files\Docker\Docker\resources\bin;C:\ProgramData\DockerDesktop\version-bin;C:\Users\huanghe\Anaconda3;C:\Users\huanghe\Anaconda3\Library\mingw-w64\bin;C:\Users\huanghe\Anaconda3\Library\usr\bin;C:\Users\huanghe\Anaconda3\Library\bin;C:\Users\huanghe\Anaconda3\Scripts;C:\Users\huanghe\AppData\Local\Microsoft\WindowsApps;C:\Program Files\Intel\WiFi\bin\;C:\Program Files\Common Files\Intel\WirelessCommon\;C:\Users\huanghe\AppData\Local\Programs\Microsoft VS Code\bin;C:\Program Files\JetBrains\WebStorm 2019.2.3\bin;;%JAVA_HOME%\bin;C:\Program Files\Java\jre1.8.0_241\bin;D:\Maven\apache-maven-3.6.3\bin;;.] 
2020-11-15 11:07:16.063 [localhost-startStop-1] INFO  o.a.c.core.ContainerBase.[Tomcat].[localhost].[/] - Initializing Spring embedded WebApplicationContext 
2020-11-15 11:07:16.064 [localhost-startStop-1] INFO  org.springframework.web.context.ContextLoader - Root WebApplicationContext: initialization completed in 2574 ms 
2020-11-15 11:07:16.235 [localhost-startStop-1] INFO  o.s.boot.web.servlet.ServletRegistrationBean - Servlet dispatcherServlet mapped to [/] 
2020-11-15 11:07:16.241 [localhost-startStop-1] INFO  o.s.boot.web.servlet.FilterRegistrationBean - Mapping filter: 'characterEncodingFilter' to: [/*] 
2020-11-15 11:07:16.242 [localhost-startStop-1] INFO  o.s.boot.web.servlet.FilterRegistrationBean - Mapping filter: 'hiddenHttpMethodFilter' to: [/*] 
2020-11-15 11:07:16.242 [localhost-startStop-1] INFO  o.s.boot.web.servlet.FilterRegistrationBean - Mapping filter: 'httpPutFormContentFilter' to: [/*] 
2020-11-15 11:07:16.242 [localhost-startStop-1] INFO  o.s.boot.web.servlet.FilterRegistrationBean - Mapping filter: 'requestContextFilter' to: [/*] 
2020-11-15 11:07:16.655 [main] INFO  o.s.web.servlet.handler.SimpleUrlHandlerMapping - Mapped URL path [/**/favicon.ico] onto handler of type [class org.springframework.web.servlet.resource.ResourceHttpRequestHandler] 
2020-11-15 11:07:16.883 [main] INFO  o.s.w.s.m.m.a.RequestMappingHandlerAdapter - Looking for @ControllerAdvice: org.springframework.boot.web.servlet.context.AnnotationConfigServletWebServerApplicationContext@6adbc9d: startup date [Sun Nov 15 11:07:13 CST 2020]; root of context hierarchy 
2020-11-15 11:07:16.974 [main] INFO  o.s.w.s.m.m.a.RequestMappingHandlerMapping - Mapped "{[/test-response],methods=[GET]}" onto public com.huanghe.response.ResponseResult com.huanghe.controller.TestController.testResponse() 
2020-11-15 11:07:16.975 [main] INFO  o.s.w.s.m.m.a.RequestMappingHandlerMapping - Mapped "{[/hello-world],methods=[GET]}" onto public com.huanghe.response.ResponseResult com.huanghe.controller.TestController.helloWorld() 
2020-11-15 11:07:16.979 [main] INFO  o.s.w.s.m.m.a.RequestMappingHandlerMapping - Mapped "{[/user/register],methods=[POST]}" onto public com.huanghe.response.ResponseResult com.huanghe.controller.user.UserApi.register(com.huanghe.pojo.User) 
2020-11-15 11:07:16.980 [main] INFO  o.s.w.s.m.m.a.RequestMappingHandlerMapping - Mapped "{[/user/password],methods=[PUT]}" onto public com.huanghe.response.ResponseResult com.huanghe.controller.user.UserApi.updatePassword(com.huanghe.pojo.User) 
2020-11-15 11:07:16.980 [main] INFO  o.s.w.s.m.m.a.RequestMappingHandlerMapping - Mapped "{[/user/captcha],methods=[GET]}" onto public com.huanghe.response.ResponseResult com.huanghe.controller.user.UserApi.getCaptcha() 
2020-11-15 11:07:16.980 [main] INFO  o.s.w.s.m.m.a.RequestMappingHandlerMapping - Mapped "{[/user/login/{captcha}],methods=[POST]}" onto public com.huanghe.response.ResponseResult com.huanghe.controller.user.UserApi.login(java.lang.String,com.huanghe.pojo.User) 
2020-11-15 11:07:16.980 [main] INFO  o.s.w.s.m.m.a.RequestMappingHandlerMapping - Mapped "{[/user/verify_code],methods=[GET]}" onto public com.huanghe.response.ResponseResult com.huanghe.controller.user.UserApi.sendVerifyCode(java.lang.String) 
2020-11-15 11:07:16.981 [main] INFO  o.s.w.s.m.m.a.RequestMappingHandlerMapping - Mapped "{[/user/admin_account],methods=[POST]}" onto public com.huanghe.response.ResponseResult com.huanghe.controller.user.UserApi.initManagerAccount(com.huanghe.pojo.User) 
2020-11-15 11:07:16.983 [main] INFO  o.s.w.s.m.m.a.RequestMappingHandlerMapping - Mapped "{[/error]}" onto public org.springframework.http.ResponseEntity<java.util.Map<java.lang.String, java.lang.Object>> org.springframework.boot.autoconfigure.web.servlet.error.BasicErrorController.error(javax.servlet.http.HttpServletRequest) 
2020-11-15 11:07:16.984 [main] INFO  o.s.w.s.m.m.a.RequestMappingHandlerMapping - Mapped "{[/error],produces=[text/html]}" onto public org.springframework.web.servlet.ModelAndView org.springframework.boot.autoconfigure.web.servlet.error.BasicErrorController.errorHtml(javax.servlet.http.HttpServletRequest,javax.servlet.http.HttpServletResponse) 
2020-11-15 11:07:17.010 [main] INFO  o.s.web.servlet.handler.SimpleUrlHandlerMapping - Mapped URL path [/webjars/**] onto handler of type [class org.springframework.web.servlet.resource.ResourceHttpRequestHandler] 
2020-11-15 11:07:17.010 [main] INFO  o.s.web.servlet.handler.SimpleUrlHandlerMapping - Mapped URL path [/**] onto handler of type [class org.springframework.web.servlet.resource.ResourceHttpRequestHandler] 
2020-11-15 11:07:17.308 [main] INFO  o.s.jmx.export.annotation.AnnotationMBeanExporter - Registering beans for JMX exposure on startup 
2020-11-15 11:07:17.310 [main] INFO  o.s.jmx.export.annotation.AnnotationMBeanExporter - Bean with name 'dataSource' has been autodetected for JMX exposure 
2020-11-15 11:07:17.316 [main] INFO  o.s.jmx.export.annotation.AnnotationMBeanExporter - Located MBean 'dataSource': registering with JMX server as MBean [com.zaxxer.hikari:name=dataSource,type=HikariDataSource] 
2020-11-15 11:07:17.327 [main] INFO  org.apache.coyote.http11.Http11NioProtocol - Starting ProtocolHandler ["http-nio-8083"] 
2020-11-15 11:07:17.338 [main] INFO  org.apache.tomcat.util.net.NioSelectorPool - Using a shared selector for servlet write/read 
2020-11-15 11:07:17.353 [main] INFO  o.s.boot.web.embedded.tomcat.TomcatWebServer - Tomcat started on port(s): 8083 (http) with context path '' 
2020-11-15 11:07:17.356 [main] INFO  com.huanghe.BlogApplication - Started BlogApplication in 4.458 seconds (JVM running for 5.12) 
2020-11-15 11:08:24.103 [main] INFO  com.huanghe.BlogApplication - Starting BlogApplication on DESKTOP-U77K5K8 with PID 14800 (D:\Code\java\SobBlogSystemDemo\target\classes started by huanghe in D:\Code\java\SobBlogSystemDemo) 
2020-11-15 11:08:24.106 [main] INFO  com.huanghe.BlogApplication - No active profile set, falling back to default profiles: default 
2020-11-15 11:08:24.161 [main] INFO  o.s.b.w.s.c.AnnotationConfigServletWebServerApplicationContext - Refreshing org.springframework.boot.web.servlet.context.AnnotationConfigServletWebServerApplicationContext@72967906: startup date [Sun Nov 15 11:08:24 CST 2020]; root of context hierarchy 
2020-11-15 11:08:26.646 [main] INFO  o.s.boot.web.embedded.tomcat.TomcatWebServer - Tomcat initialized with port(s): 8083 (http) 
2020-11-15 11:08:26.665 [main] INFO  org.apache.coyote.http11.Http11NioProtocol - Initializing ProtocolHandler ["http-nio-8083"] 
2020-11-15 11:08:26.683 [main] INFO  org.apache.catalina.core.StandardService - Starting service [Tomcat] 
2020-11-15 11:08:26.684 [main] INFO  org.apache.catalina.core.StandardEngine - Starting Servlet Engine: Apache Tomcat/8.5.31 
2020-11-15 11:08:26.698 [localhost-startStop-1] INFO  org.apache.catalina.core.AprLifecycleListener - The APR based Apache Tomcat Native library which allows optimal performance in production environments was not found on the java.library.path: [C:\Program Files\Java\jdk1.8.0_241\bin;C:\Windows\Sun\Java\bin;C:\Windows\system32;C:\Windows;C:\Program Files (x86)\NetSarang\Xshell 6\;C:\Program Files (x86)\Common Files\Oracle\Java\javapath;C:\Windows\system32;C:\Windows;C:\Windows\System32\Wbem;C:\Windows\System32\WindowsPowerShell\v1.0\;C:\Windows\System32\OpenSSH\;C:\Program Files\Intel\WiFi\bin\;C:\Program Files\Common Files\Intel\WirelessCommon\;C:\Program Files (x86)\NVIDIA Corporation\PhysX\Common;C:\Program Files\Java\jdk1.8.0_172\bin;C:\Users\huanghe\Anaconda3;C:\Users\huanghe\Anaconda3\Library\mingw-w64\bin;C:\Users\huanghe\Anaconda3\Library\usr\bin;C:\Users\huanghe\Anaconda3\Library\bin;C:\Users\huanghe\Anaconda3\Scripts;C:\Users\huanghe\AppData\Local\Microsoft\WindowsApps;C:\Users\huanghe\AppData\Local\Programs\Microsoft VS Code\bin;C:\Users\huanghe\AppData\Roaming\nvm;C:\Program Files\nodejs;D:\Software\cmder;C:\ProgramData\chocolatey\bin;C:\Program Files\Git\cmd;C:\driver;;C:\Program Files\Docker\Docker\resources\bin;C:\ProgramData\DockerDesktop\version-bin;C:\Users\huanghe\Anaconda3;C:\Users\huanghe\Anaconda3\Library\mingw-w64\bin;C:\Users\huanghe\Anaconda3\Library\usr\bin;C:\Users\huanghe\Anaconda3\Library\bin;C:\Users\huanghe\Anaconda3\Scripts;C:\Users\huanghe\AppData\Local\Microsoft\WindowsApps;C:\Program Files\Intel\WiFi\bin\;C:\Program Files\Common Files\Intel\WirelessCommon\;C:\Users\huanghe\AppData\Local\Programs\Microsoft VS Code\bin;C:\Program Files\JetBrains\WebStorm 2019.2.3\bin;;%JAVA_HOME%\bin;C:\Program Files\Java\jre1.8.0_241\bin;D:\Maven\apache-maven-3.6.3\bin;;.] 
2020-11-15 11:08:26.848 [localhost-startStop-1] INFO  o.a.c.core.ContainerBase.[Tomcat].[localhost].[/] - Initializing Spring embedded WebApplicationContext 
2020-11-15 11:08:26.848 [localhost-startStop-1] INFO  org.springframework.web.context.ContextLoader - Root WebApplicationContext: initialization completed in 2687 ms 
2020-11-15 11:08:27.004 [localhost-startStop-1] INFO  o.s.boot.web.servlet.ServletRegistrationBean - Servlet dispatcherServlet mapped to [/] 
2020-11-15 11:08:27.008 [localhost-startStop-1] INFO  o.s.boot.web.servlet.FilterRegistrationBean - Mapping filter: 'characterEncodingFilter' to: [/*] 
2020-11-15 11:08:27.009 [localhost-startStop-1] INFO  o.s.boot.web.servlet.FilterRegistrationBean - Mapping filter: 'hiddenHttpMethodFilter' to: [/*] 
2020-11-15 11:08:27.009 [localhost-startStop-1] INFO  o.s.boot.web.servlet.FilterRegistrationBean - Mapping filter: 'httpPutFormContentFilter' to: [/*] 
2020-11-15 11:08:27.009 [localhost-startStop-1] INFO  o.s.boot.web.servlet.FilterRegistrationBean - Mapping filter: 'requestContextFilter' to: [/*] 
2020-11-15 11:08:27.422 [main] INFO  o.s.web.servlet.handler.SimpleUrlHandlerMapping - Mapped URL path [/**/favicon.ico] onto handler of type [class org.springframework.web.servlet.resource.ResourceHttpRequestHandler] 
2020-11-15 11:08:27.676 [main] INFO  o.s.w.s.m.m.a.RequestMappingHandlerAdapter - Looking for @ControllerAdvice: org.springframework.boot.web.servlet.context.AnnotationConfigServletWebServerApplicationContext@72967906: startup date [Sun Nov 15 11:08:24 CST 2020]; root of context hierarchy 
2020-11-15 11:08:27.752 [main] INFO  o.s.w.s.m.m.a.RequestMappingHandlerMapping - Mapped "{[/test-response],methods=[GET]}" onto public com.huanghe.response.ResponseResult com.huanghe.controller.TestController.testResponse() 
2020-11-15 11:08:27.753 [main] INFO  o.s.w.s.m.m.a.RequestMappingHandlerMapping - Mapped "{[/hello-world],methods=[GET]}" onto public com.huanghe.response.ResponseResult com.huanghe.controller.TestController.helloWorld() 
2020-11-15 11:08:27.757 [main] INFO  o.s.w.s.m.m.a.RequestMappingHandlerMapping - Mapped "{[/user/register],methods=[POST]}" onto public com.huanghe.response.ResponseResult com.huanghe.controller.user.UserApi.register(com.huanghe.pojo.User) 
2020-11-15 11:08:27.757 [main] INFO  o.s.w.s.m.m.a.RequestMappingHandlerMapping - Mapped "{[/user/verify_code],methods=[GET]}" onto public com.huanghe.response.ResponseResult com.huanghe.controller.user.UserApi.sendVerifyCode(java.lang.String) 
2020-11-15 11:08:27.757 [main] INFO  o.s.w.s.m.m.a.RequestMappingHandlerMapping - Mapped "{[/user/login/{captcha}],methods=[POST]}" onto public com.huanghe.response.ResponseResult com.huanghe.controller.user.UserApi.login(java.lang.String,com.huanghe.pojo.User) 
2020-11-15 11:08:27.758 [main] INFO  o.s.w.s.m.m.a.RequestMappingHandlerMapping - Mapped "{[/user/captcha],methods=[GET]}" onto public com.huanghe.response.ResponseResult com.huanghe.controller.user.UserApi.getCaptcha() 
2020-11-15 11:08:27.758 [main] INFO  o.s.w.s.m.m.a.RequestMappingHandlerMapping - Mapped "{[/user/password],methods=[PUT]}" onto public com.huanghe.response.ResponseResult com.huanghe.controller.user.UserApi.updatePassword(com.huanghe.pojo.User) 
2020-11-15 11:08:27.758 [main] INFO  o.s.w.s.m.m.a.RequestMappingHandlerMapping - Mapped "{[/user/admin_account],methods=[POST]}" onto public com.huanghe.response.ResponseResult com.huanghe.controller.user.UserApi.initManagerAccount(com.huanghe.pojo.User) 
2020-11-15 11:08:27.760 [main] INFO  o.s.w.s.m.m.a.RequestMappingHandlerMapping - Mapped "{[/error]}" onto public org.springframework.http.ResponseEntity<java.util.Map<java.lang.String, java.lang.Object>> org.springframework.boot.autoconfigure.web.servlet.error.BasicErrorController.error(javax.servlet.http.HttpServletRequest) 
2020-11-15 11:08:27.761 [main] INFO  o.s.w.s.m.m.a.RequestMappingHandlerMapping - Mapped "{[/error],produces=[text/html]}" onto public org.springframework.web.servlet.ModelAndView org.springframework.boot.autoconfigure.web.servlet.error.BasicErrorController.errorHtml(javax.servlet.http.HttpServletRequest,javax.servlet.http.HttpServletResponse) 
2020-11-15 11:08:27.786 [main] INFO  o.s.web.servlet.handler.SimpleUrlHandlerMapping - Mapped URL path [/webjars/**] onto handler of type [class org.springframework.web.servlet.resource.ResourceHttpRequestHandler] 
2020-11-15 11:08:27.787 [main] INFO  o.s.web.servlet.handler.SimpleUrlHandlerMapping - Mapped URL path [/**] onto handler of type [class org.springframework.web.servlet.resource.ResourceHttpRequestHandler] 
2020-11-15 11:08:28.106 [main] INFO  o.s.jmx.export.annotation.AnnotationMBeanExporter - Registering beans for JMX exposure on startup 
2020-11-15 11:08:28.108 [main] INFO  o.s.jmx.export.annotation.AnnotationMBeanExporter - Bean with name 'dataSource' has been autodetected for JMX exposure 
2020-11-15 11:08:28.112 [main] INFO  o.s.jmx.export.annotation.AnnotationMBeanExporter - Located MBean 'dataSource': registering with JMX server as MBean [com.zaxxer.hikari:name=dataSource,type=HikariDataSource] 
2020-11-15 11:08:28.122 [main] INFO  org.apache.coyote.http11.Http11NioProtocol - Starting ProtocolHandler ["http-nio-8083"] 
2020-11-15 11:08:28.134 [main] INFO  org.apache.tomcat.util.net.NioSelectorPool - Using a shared selector for servlet write/read 
2020-11-15 11:08:28.150 [main] INFO  o.s.boot.web.embedded.tomcat.TomcatWebServer - Tomcat started on port(s): 8083 (http) with context path '' 
2020-11-15 11:08:28.154 [main] INFO  com.huanghe.BlogApplication - Started BlogApplication in 4.557 seconds (JVM running for 5.205) 
2020-11-15 11:15:48.651 [main] INFO  com.huanghe.BlogApplication - Starting BlogApplication on DESKTOP-U77K5K8 with PID 13688 (D:\Code\java\SobBlogSystemDemo\target\classes started by huanghe in D:\Code\java\SobBlogSystemDemo) 
2020-11-15 11:15:48.653 [main] INFO  com.huanghe.BlogApplication - No active profile set, falling back to default profiles: default 
2020-11-15 11:15:48.730 [main] INFO  o.s.b.w.s.c.AnnotationConfigServletWebServerApplicationContext - Refreshing org.springframework.boot.web.servlet.context.AnnotationConfigServletWebServerApplicationContext@5b8dfcc1: startup date [Sun Nov 15 11:15:48 CST 2020]; root of context hierarchy 
2020-11-15 11:15:51.111 [main] INFO  o.s.boot.web.embedded.tomcat.TomcatWebServer - Tomcat initialized with port(s): 8083 (http) 
2020-11-15 11:15:51.129 [main] INFO  org.apache.coyote.http11.Http11NioProtocol - Initializing ProtocolHandler ["http-nio-8083"] 
2020-11-15 11:15:51.141 [main] INFO  org.apache.catalina.core.StandardService - Starting service [Tomcat] 
2020-11-15 11:15:51.141 [main] INFO  org.apache.catalina.core.StandardEngine - Starting Servlet Engine: Apache Tomcat/8.5.31 
2020-11-15 11:15:51.151 [localhost-startStop-1] INFO  org.apache.catalina.core.AprLifecycleListener - The APR based Apache Tomcat Native library which allows optimal performance in production environments was not found on the java.library.path: [C:\Program Files\Java\jdk1.8.0_241\bin;C:\Windows\Sun\Java\bin;C:\Windows\system32;C:\Windows;C:\Program Files (x86)\NetSarang\Xshell 6\;C:\Program Files (x86)\Common Files\Oracle\Java\javapath;C:\Windows\system32;C:\Windows;C:\Windows\System32\Wbem;C:\Windows\System32\WindowsPowerShell\v1.0\;C:\Windows\System32\OpenSSH\;C:\Program Files\Intel\WiFi\bin\;C:\Program Files\Common Files\Intel\WirelessCommon\;C:\Program Files (x86)\NVIDIA Corporation\PhysX\Common;C:\Program Files\Java\jdk1.8.0_172\bin;C:\Users\huanghe\Anaconda3;C:\Users\huanghe\Anaconda3\Library\mingw-w64\bin;C:\Users\huanghe\Anaconda3\Library\usr\bin;C:\Users\huanghe\Anaconda3\Library\bin;C:\Users\huanghe\Anaconda3\Scripts;C:\Users\huanghe\AppData\Local\Microsoft\WindowsApps;C:\Users\huanghe\AppData\Local\Programs\Microsoft VS Code\bin;C:\Users\huanghe\AppData\Roaming\nvm;C:\Program Files\nodejs;D:\Software\cmder;C:\ProgramData\chocolatey\bin;C:\Program Files\Git\cmd;C:\driver;;C:\Program Files\Docker\Docker\resources\bin;C:\ProgramData\DockerDesktop\version-bin;C:\Users\huanghe\Anaconda3;C:\Users\huanghe\Anaconda3\Library\mingw-w64\bin;C:\Users\huanghe\Anaconda3\Library\usr\bin;C:\Users\huanghe\Anaconda3\Library\bin;C:\Users\huanghe\Anaconda3\Scripts;C:\Users\huanghe\AppData\Local\Microsoft\WindowsApps;C:\Program Files\Intel\WiFi\bin\;C:\Program Files\Common Files\Intel\WirelessCommon\;C:\Users\huanghe\AppData\Local\Programs\Microsoft VS Code\bin;C:\Program Files\JetBrains\WebStorm 2019.2.3\bin;;%JAVA_HOME%\bin;C:\Program Files\Java\jre1.8.0_241\bin;D:\Maven\apache-maven-3.6.3\bin;;.] 
2020-11-15 11:15:51.278 [localhost-startStop-1] INFO  o.a.c.core.ContainerBase.[Tomcat].[localhost].[/] - Initializing Spring embedded WebApplicationContext 
2020-11-15 11:15:51.278 [localhost-startStop-1] INFO  org.springframework.web.context.ContextLoader - Root WebApplicationContext: initialization completed in 2548 ms 
2020-11-15 11:15:51.462 [localhost-startStop-1] INFO  o.s.boot.web.servlet.ServletRegistrationBean - Servlet dispatcherServlet mapped to [/] 
2020-11-15 11:15:51.466 [localhost-startStop-1] INFO  o.s.boot.web.servlet.FilterRegistrationBean - Mapping filter: 'characterEncodingFilter' to: [/*] 
2020-11-15 11:15:51.467 [localhost-startStop-1] INFO  o.s.boot.web.servlet.FilterRegistrationBean - Mapping filter: 'hiddenHttpMethodFilter' to: [/*] 
2020-11-15 11:15:51.467 [localhost-startStop-1] INFO  o.s.boot.web.servlet.FilterRegistrationBean - Mapping filter: 'httpPutFormContentFilter' to: [/*] 
2020-11-15 11:15:51.467 [localhost-startStop-1] INFO  o.s.boot.web.servlet.FilterRegistrationBean - Mapping filter: 'requestContextFilter' to: [/*] 
2020-11-15 11:15:51.897 [main] INFO  o.s.web.servlet.handler.SimpleUrlHandlerMapping - Mapped URL path [/**/favicon.ico] onto handler of type [class org.springframework.web.servlet.resource.ResourceHttpRequestHandler] 
2020-11-15 11:15:52.093 [main] INFO  o.s.w.s.m.m.a.RequestMappingHandlerAdapter - Looking for @ControllerAdvice: org.springframework.boot.web.servlet.context.AnnotationConfigServletWebServerApplicationContext@5b8dfcc1: startup date [Sun Nov 15 11:15:48 CST 2020]; root of context hierarchy 
2020-11-15 11:15:52.164 [main] INFO  o.s.w.s.m.m.a.RequestMappingHandlerMapping - Mapped "{[/hello-world],methods=[GET]}" onto public com.huanghe.response.ResponseResult com.huanghe.controller.TestController.helloWorld() 
2020-11-15 11:15:52.165 [main] INFO  o.s.w.s.m.m.a.RequestMappingHandlerMapping - Mapped "{[/test-response],methods=[GET]}" onto public com.huanghe.response.ResponseResult com.huanghe.controller.TestController.testResponse() 
2020-11-15 11:15:52.171 [main] INFO  o.s.w.s.m.m.a.RequestMappingHandlerMapping - Mapped "{[/user/register],methods=[POST]}" onto public com.huanghe.response.ResponseResult com.huanghe.controller.user.UserApi.register(com.huanghe.pojo.User) 
2020-11-15 11:15:52.172 [main] INFO  o.s.w.s.m.m.a.RequestMappingHandlerMapping - Mapped "{[/user/admin_account],methods=[POST]}" onto public com.huanghe.response.ResponseResult com.huanghe.controller.user.UserApi.initManagerAccount(com.huanghe.pojo.User) 
2020-11-15 11:15:52.172 [main] INFO  o.s.w.s.m.m.a.RequestMappingHandlerMapping - Mapped "{[/user/login/{captcha}],methods=[POST]}" onto public com.huanghe.response.ResponseResult com.huanghe.controller.user.UserApi.login(java.lang.String,com.huanghe.pojo.User) 
2020-11-15 11:15:52.172 [main] INFO  o.s.w.s.m.m.a.RequestMappingHandlerMapping - Mapped "{[/user/verify_code],methods=[GET]}" onto public com.huanghe.response.ResponseResult com.huanghe.controller.user.UserApi.sendVerifyCode(java.lang.String) 
2020-11-15 11:15:52.173 [main] INFO  o.s.w.s.m.m.a.RequestMappingHandlerMapping - Mapped "{[/user/password],methods=[PUT]}" onto public com.huanghe.response.ResponseResult com.huanghe.controller.user.UserApi.updatePassword(com.huanghe.pojo.User) 
2020-11-15 11:15:52.174 [main] INFO  o.s.w.s.m.m.a.RequestMappingHandlerMapping - Mapped "{[/user/captcha],methods=[GET]}" onto public com.huanghe.response.ResponseResult com.huanghe.controller.user.UserApi.getCaptcha() 
2020-11-15 11:15:52.176 [main] INFO  o.s.w.s.m.m.a.RequestMappingHandlerMapping - Mapped "{[/error]}" onto public org.springframework.http.ResponseEntity<java.util.Map<java.lang.String, java.lang.Object>> org.springframework.boot.autoconfigure.web.servlet.error.BasicErrorController.error(javax.servlet.http.HttpServletRequest) 
2020-11-15 11:15:52.177 [main] INFO  o.s.w.s.m.m.a.RequestMappingHandlerMapping - Mapped "{[/error],produces=[text/html]}" onto public org.springframework.web.servlet.ModelAndView org.springframework.boot.autoconfigure.web.servlet.error.BasicErrorController.errorHtml(javax.servlet.http.HttpServletRequest,javax.servlet.http.HttpServletResponse) 
2020-11-15 11:15:52.203 [main] INFO  o.s.web.servlet.handler.SimpleUrlHandlerMapping - Mapped URL path [/webjars/**] onto handler of type [class org.springframework.web.servlet.resource.ResourceHttpRequestHandler] 
2020-11-15 11:15:52.204 [main] INFO  o.s.web.servlet.handler.SimpleUrlHandlerMapping - Mapped URL path [/**] onto handler of type [class org.springframework.web.servlet.resource.ResourceHttpRequestHandler] 
2020-11-15 11:15:52.641 [main] INFO  o.s.jmx.export.annotation.AnnotationMBeanExporter - Registering beans for JMX exposure on startup 
2020-11-15 11:15:52.643 [main] INFO  o.s.jmx.export.annotation.AnnotationMBeanExporter - Bean with name 'dataSource' has been autodetected for JMX exposure 
2020-11-15 11:15:52.652 [main] INFO  o.s.jmx.export.annotation.AnnotationMBeanExporter - Located MBean 'dataSource': registering with JMX server as MBean [com.zaxxer.hikari:name=dataSource,type=HikariDataSource] 
2020-11-15 11:15:52.669 [main] INFO  org.apache.coyote.http11.Http11NioProtocol - Starting ProtocolHandler ["http-nio-8083"] 
2020-11-15 11:15:52.693 [main] INFO  org.apache.tomcat.util.net.NioSelectorPool - Using a shared selector for servlet write/read 
2020-11-15 11:15:52.721 [main] INFO  o.s.boot.web.embedded.tomcat.TomcatWebServer - Tomcat started on port(s): 8083 (http) with context path '' 
2020-11-15 11:15:52.725 [main] INFO  com.huanghe.BlogApplication - Started BlogApplication in 4.582 seconds (JVM running for 5.202) 
2020-11-15 11:17:14.997 [http-nio-8083-exec-1] INFO  o.a.c.core.ContainerBase.[Tomcat].[localhost].[/] - Initializing Spring FrameworkServlet 'dispatcherServlet' 
2020-11-15 11:17:14.998 [http-nio-8083-exec-1] INFO  org.springframework.web.servlet.DispatcherServlet - FrameworkServlet 'dispatcherServlet': initialization started 
2020-11-15 11:17:15.028 [http-nio-8083-exec-1] INFO  org.springframework.web.servlet.DispatcherServlet - FrameworkServlet 'dispatcherServlet': initialization completed in 29 ms 
2020-11-15 11:18:33.166 [main] INFO  com.huanghe.BlogApplication - Starting BlogApplication on DESKTOP-U77K5K8 with PID 17912 (D:\Code\java\SobBlogSystemDemo\target\classes started by huanghe in D:\Code\java\SobBlogSystemDemo) 
2020-11-15 11:18:33.168 [main] INFO  com.huanghe.BlogApplication - No active profile set, falling back to default profiles: default 
2020-11-15 11:18:33.213 [main] INFO  o.s.b.w.s.c.AnnotationConfigServletWebServerApplicationContext - Refreshing org.springframework.boot.web.servlet.context.AnnotationConfigServletWebServerApplicationContext@5b8dfcc1: startup date [Sun Nov 15 11:18:33 CST 2020]; root of context hierarchy 
2020-11-15 11:18:35.300 [main] INFO  o.s.boot.web.embedded.tomcat.TomcatWebServer - Tomcat initialized with port(s): 8083 (http) 
2020-11-15 11:18:35.319 [main] INFO  org.apache.coyote.http11.Http11NioProtocol - Initializing ProtocolHandler ["http-nio-8083"] 
2020-11-15 11:18:35.331 [main] INFO  org.apache.catalina.core.StandardService - Starting service [Tomcat] 
2020-11-15 11:18:35.331 [main] INFO  org.apache.catalina.core.StandardEngine - Starting Servlet Engine: Apache Tomcat/8.5.31 
2020-11-15 11:18:35.340 [localhost-startStop-1] INFO  org.apache.catalina.core.AprLifecycleListener - The APR based Apache Tomcat Native library which allows optimal performance in production environments was not found on the java.library.path: [C:\Program Files\Java\jdk1.8.0_241\bin;C:\Windows\Sun\Java\bin;C:\Windows\system32;C:\Windows;C:\Program Files (x86)\NetSarang\Xshell 6\;C:\Program Files (x86)\Common Files\Oracle\Java\javapath;C:\Windows\system32;C:\Windows;C:\Windows\System32\Wbem;C:\Windows\System32\WindowsPowerShell\v1.0\;C:\Windows\System32\OpenSSH\;C:\Program Files\Intel\WiFi\bin\;C:\Program Files\Common Files\Intel\WirelessCommon\;C:\Program Files (x86)\NVIDIA Corporation\PhysX\Common;C:\Program Files\Java\jdk1.8.0_172\bin;C:\Users\huanghe\Anaconda3;C:\Users\huanghe\Anaconda3\Library\mingw-w64\bin;C:\Users\huanghe\Anaconda3\Library\usr\bin;C:\Users\huanghe\Anaconda3\Library\bin;C:\Users\huanghe\Anaconda3\Scripts;C:\Users\huanghe\AppData\Local\Microsoft\WindowsApps;C:\Users\huanghe\AppData\Local\Programs\Microsoft VS Code\bin;C:\Users\huanghe\AppData\Roaming\nvm;C:\Program Files\nodejs;D:\Software\cmder;C:\ProgramData\chocolatey\bin;C:\Program Files\Git\cmd;C:\driver;;C:\Program Files\Docker\Docker\resources\bin;C:\ProgramData\DockerDesktop\version-bin;C:\Users\huanghe\Anaconda3;C:\Users\huanghe\Anaconda3\Library\mingw-w64\bin;C:\Users\huanghe\Anaconda3\Library\usr\bin;C:\Users\huanghe\Anaconda3\Library\bin;C:\Users\huanghe\Anaconda3\Scripts;C:\Users\huanghe\AppData\Local\Microsoft\WindowsApps;C:\Program Files\Intel\WiFi\bin\;C:\Program Files\Common Files\Intel\WirelessCommon\;C:\Users\huanghe\AppData\Local\Programs\Microsoft VS Code\bin;C:\Program Files\JetBrains\WebStorm 2019.2.3\bin;;%JAVA_HOME%\bin;C:\Program Files\Java\jre1.8.0_241\bin;D:\Maven\apache-maven-3.6.3\bin;;.] 
2020-11-15 11:18:35.472 [localhost-startStop-1] INFO  o.a.c.core.ContainerBase.[Tomcat].[localhost].[/] - Initializing Spring embedded WebApplicationContext 
2020-11-15 11:18:35.472 [localhost-startStop-1] INFO  org.springframework.web.context.ContextLoader - Root WebApplicationContext: initialization completed in 2259 ms 
2020-11-15 11:18:35.632 [localhost-startStop-1] INFO  o.s.boot.web.servlet.ServletRegistrationBean - Servlet dispatcherServlet mapped to [/] 
2020-11-15 11:18:35.636 [localhost-startStop-1] INFO  o.s.boot.web.servlet.FilterRegistrationBean - Mapping filter: 'characterEncodingFilter' to: [/*] 
2020-11-15 11:18:35.636 [localhost-startStop-1] INFO  o.s.boot.web.servlet.FilterRegistrationBean - Mapping filter: 'hiddenHttpMethodFilter' to: [/*] 
2020-11-15 11:18:35.636 [localhost-startStop-1] INFO  o.s.boot.web.servlet.FilterRegistrationBean - Mapping filter: 'httpPutFormContentFilter' to: [/*] 
2020-11-15 11:18:35.637 [localhost-startStop-1] INFO  o.s.boot.web.servlet.FilterRegistrationBean - Mapping filter: 'requestContextFilter' to: [/*] 
2020-11-15 11:18:36.028 [main] INFO  o.s.web.servlet.handler.SimpleUrlHandlerMapping - Mapped URL path [/**/favicon.ico] onto handler of type [class org.springframework.web.servlet.resource.ResourceHttpRequestHandler] 
2020-11-15 11:18:36.214 [main] INFO  o.s.w.s.m.m.a.RequestMappingHandlerAdapter - Looking for @ControllerAdvice: org.springframework.boot.web.servlet.context.AnnotationConfigServletWebServerApplicationContext@5b8dfcc1: startup date [Sun Nov 15 11:18:33 CST 2020]; root of context hierarchy 
2020-11-15 11:18:36.357 [main] INFO  o.s.w.s.m.m.a.RequestMappingHandlerMapping - Mapped "{[/hello-world],methods=[GET]}" onto public com.huanghe.response.ResponseResult com.huanghe.controller.TestController.helloWorld() 
2020-11-15 11:18:36.359 [main] INFO  o.s.w.s.m.m.a.RequestMappingHandlerMapping - Mapped "{[/test-response],methods=[GET]}" onto public com.huanghe.response.ResponseResult com.huanghe.controller.TestController.testResponse() 
2020-11-15 11:18:36.365 [main] INFO  o.s.w.s.m.m.a.RequestMappingHandlerMapping - Mapped "{[/user/register],methods=[POST]}" onto public com.huanghe.response.ResponseResult com.huanghe.controller.user.UserApi.register(com.huanghe.pojo.User) 
2020-11-15 11:18:36.365 [main] INFO  o.s.w.s.m.m.a.RequestMappingHandlerMapping - Mapped "{[/user/login/{captcha}],methods=[POST]}" onto public com.huanghe.response.ResponseResult com.huanghe.controller.user.UserApi.login(java.lang.String,com.huanghe.pojo.User) 
2020-11-15 11:18:36.365 [main] INFO  o.s.w.s.m.m.a.RequestMappingHandlerMapping - Mapped "{[/user/captcha],methods=[GET]}" onto public com.huanghe.response.ResponseResult com.huanghe.controller.user.UserApi.getCaptcha() 
2020-11-15 11:18:36.366 [main] INFO  o.s.w.s.m.m.a.RequestMappingHandlerMapping - Mapped "{[/user/password],methods=[PUT]}" onto public com.huanghe.response.ResponseResult com.huanghe.controller.user.UserApi.updatePassword(com.huanghe.pojo.User) 
2020-11-15 11:18:36.366 [main] INFO  o.s.w.s.m.m.a.RequestMappingHandlerMapping - Mapped "{[/user/verify_code],methods=[GET]}" onto public com.huanghe.response.ResponseResult com.huanghe.controller.user.UserApi.sendVerifyCode(java.lang.String) 
2020-11-15 11:18:36.366 [main] INFO  o.s.w.s.m.m.a.RequestMappingHandlerMapping - Mapped "{[/user/admin_account],methods=[POST]}" onto public com.huanghe.response.ResponseResult com.huanghe.controller.user.UserApi.initManagerAccount(com.huanghe.pojo.User) 
2020-11-15 11:18:36.368 [main] INFO  o.s.w.s.m.m.a.RequestMappingHandlerMapping - Mapped "{[/error]}" onto public org.springframework.http.ResponseEntity<java.util.Map<java.lang.String, java.lang.Object>> org.springframework.boot.autoconfigure.web.servlet.error.BasicErrorController.error(javax.servlet.http.HttpServletRequest) 
2020-11-15 11:18:36.369 [main] INFO  o.s.w.s.m.m.a.RequestMappingHandlerMapping - Mapped "{[/error],produces=[text/html]}" onto public org.springframework.web.servlet.ModelAndView org.springframework.boot.autoconfigure.web.servlet.error.BasicErrorController.errorHtml(javax.servlet.http.HttpServletRequest,javax.servlet.http.HttpServletResponse) 
2020-11-15 11:18:36.390 [main] INFO  o.s.web.servlet.handler.SimpleUrlHandlerMapping - Mapped URL path [/webjars/**] onto handler of type [class org.springframework.web.servlet.resource.ResourceHttpRequestHandler] 
2020-11-15 11:18:36.390 [main] INFO  o.s.web.servlet.handler.SimpleUrlHandlerMapping - Mapped URL path [/**] onto handler of type [class org.springframework.web.servlet.resource.ResourceHttpRequestHandler] 
2020-11-15 11:18:36.623 [main] INFO  o.s.jmx.export.annotation.AnnotationMBeanExporter - Registering beans for JMX exposure on startup 
2020-11-15 11:18:36.624 [main] INFO  o.s.jmx.export.annotation.AnnotationMBeanExporter - Bean with name 'dataSource' has been autodetected for JMX exposure 
2020-11-15 11:18:36.627 [main] INFO  o.s.jmx.export.annotation.AnnotationMBeanExporter - Located MBean 'dataSource': registering with JMX server as MBean [com.zaxxer.hikari:name=dataSource,type=HikariDataSource] 
2020-11-15 11:18:36.636 [main] INFO  org.apache.coyote.http11.Http11NioProtocol - Starting ProtocolHandler ["http-nio-8083"] 
2020-11-15 11:18:36.646 [main] INFO  org.apache.tomcat.util.net.NioSelectorPool - Using a shared selector for servlet write/read 
2020-11-15 11:18:36.659 [main] INFO  o.s.boot.web.embedded.tomcat.TomcatWebServer - Tomcat started on port(s): 8083 (http) with context path '' 
2020-11-15 11:18:36.662 [main] INFO  com.huanghe.BlogApplication - Started BlogApplication in 4.008 seconds (JVM running for 4.554) 
2020-11-15 16:42:27.649 [http-nio-8083-exec-1] INFO  o.a.c.core.ContainerBase.[Tomcat].[localhost].[/] - Initializing Spring FrameworkServlet 'dispatcherServlet' 
2020-11-15 16:42:27.649 [http-nio-8083-exec-1] INFO  org.springframework.web.servlet.DispatcherServlet - FrameworkServlet 'dispatcherServlet': initialization started 
2020-11-15 16:42:27.679 [http-nio-8083-exec-1] INFO  org.springframework.web.servlet.DispatcherServlet - FrameworkServlet 'dispatcherServlet': initialization completed in 30 ms 
2020-11-15 16:42:27.703 [http-nio-8083-exec-1] INFO  com.huanghe.controller.TestController - Log hello world Test 
2020-11-15 16:50:16.022 [http-nio-8083-exec-5] WARN  org.springframework.web.servlet.PageNotFound - Request method 'GET' not supported 
2020-11-15 16:50:33.145 [http-nio-8083-exec-6] INFO  com.huanghe.controller.user.UserApi - user name ==>River 
2020-11-15 16:50:33.145 [http-nio-8083-exec-6] INFO  com.huanghe.controller.user.UserApi - password ==>123456 
2020-11-15 16:50:33.145 [http-nio-8083-exec-6] INFO  com.huanghe.controller.user.UserApi - email ==>735597346@qq.com 
